[0.746s] Invoking command in '/home/ross/ros2_px4_workspace/src/ROS2_PX4_Offboard_Example/px4_offboard': AMENT_PREFIX_PATH=/home/ross/ros2_px4_workspace/install/px4_msgs:${AMENT_PREFIX_PATH} CMAKE_PREFIX_PATH=/home/ross/ros2_px4_workspace/install/px4_msgs LD_LIBRARY_PATH=/home/ross/ros2_px4_workspace/install/px4_msgs/lib:${LD_LIBRARY_PATH} PYTHONPATH=/home/ross/ros2_px4_workspace/build/px4_offboard/prefix_override:/home/ross/ros2_px4_workspace/install/px4_offboard/lib/python3.10/site-packages:/home/ross/ros2_px4_workspace/install/px4_msgs/local/lib/python3.10/dist-packages:${PYTHONPATH} /usr/bin/python3 setup.py egg_info --egg-base ../../../build/px4_offboard build --build-base /home/ross/ros2_px4_workspace/build/px4_offboard/build install --record /home/ross/ros2_px4_workspace/build/px4_offboard/install.log --single-version-externally-managed
[0.940s] running egg_info
[0.954s] writing ../../../build/px4_offboard/px4_offboard.egg-info/PKG-INFO
[0.954s] writing dependency_links to ../../../build/px4_offboard/px4_offboard.egg-info/dependency_links.txt
[0.954s] writing entry points to ../../../build/px4_offboard/px4_offboard.egg-info/entry_points.txt
[0.955s] writing requirements to ../../../build/px4_offboard/px4_offboard.egg-info/requires.txt
[0.955s] writing top-level names to ../../../build/px4_offboard/px4_offboard.egg-info/top_level.txt
[0.984s] reading manifest file '../../../build/px4_offboard/px4_offboard.egg-info/SOURCES.txt'
[0.984s] adding license file 'LICENSE'
[0.985s] writing manifest file '../../../build/px4_offboard/px4_offboard.egg-info/SOURCES.txt'
[0.985s] running build
[0.985s] running build_py
[0.985s] copying px4_offboard/__init__.py -> /home/ross/ros2_px4_workspace/build/px4_offboard/build/lib/px4_offboard
[0.985s] copying px4_offboard/processes.py -> /home/ross/ros2_px4_workspace/build/px4_offboard/build/lib/px4_offboard
[0.986s] copying px4_offboard/velocity_control.py -> /home/ross/ros2_px4_workspace/build/px4_offboard/build/lib/px4_offboard
[0.986s] copying px4_offboard/visualizer.py -> /home/ross/ros2_px4_workspace/build/px4_offboard/build/lib/px4_offboard
[0.986s] copying px4_offboard/control.py -> /home/ross/ros2_px4_workspace/build/px4_offboard/build/lib/px4_offboard
[0.986s] running install
[0.986s] /home/ross/.local/lib/python3.10/site-packages/setuptools/_distutils/cmd.py:66: SetuptoolsDeprecationWarning: setup.py install is deprecated.
[0.986s] !!
[0.986s] 
[0.986s]         ********************************************************************************
[0.986s]         Please avoid running ``setup.py`` directly.
[0.986s]         Instead, use pypa/build, pypa/installer or other
[0.986s]         standards-based tools.
[0.987s] 
[0.987s]         See https://blog.ganssle.io/articles/2021/10/setup-py-deprecated.html for details.
[0.987s]         ********************************************************************************
[0.987s] 
[0.987s] !!
[0.987s]   self.initialize_options()
[0.991s] running install_lib
[1.006s] running install_data
[1.020s] copying resource/px4_offboard -> /home/ross/ros2_px4_workspace/install/px4_offboard/share/ament_index/resource_index/packages
[1.020s] copying resource/visualize.rviz -> /home/ross/ros2_px4_workspace/install/px4_offboard/share/ament_index/resource_index/packages
[1.020s] copying package.xml -> /home/ross/ros2_px4_workspace/install/px4_offboard/share/px4_offboard
[1.020s] copying launch/offboard_velocity_control.launch.py -> /home/ross/ros2_px4_workspace/install/px4_offboard/share/px4_offboard
[1.020s] copying resource/visualize.rviz -> /home/ross/ros2_px4_workspace/install/px4_offboard/share/px4_offboard
[1.020s] running install_egg_info
[1.036s] removing '/home/ross/ros2_px4_workspace/install/px4_offboard/lib/python3.10/site-packages/px4_offboard-0.0.0-py3.10.egg-info' (and everything under it)
[1.036s] Copying ../../../build/px4_offboard/px4_offboard.egg-info to /home/ross/ros2_px4_workspace/install/px4_offboard/lib/python3.10/site-packages/px4_offboard-0.0.0-py3.10.egg-info
[1.037s] running install_scripts
[1.169s] Installing control script to /home/ross/ros2_px4_workspace/install/px4_offboard/lib/px4_offboard
[1.169s] Installing offboard_control script to /home/ross/ros2_px4_workspace/install/px4_offboard/lib/px4_offboard
[1.170s] Installing processes script to /home/ross/ros2_px4_workspace/install/px4_offboard/lib/px4_offboard
[1.170s] Installing velocity_control script to /home/ross/ros2_px4_workspace/install/px4_offboard/lib/px4_offboard
[1.170s] Installing visualizer script to /home/ross/ros2_px4_workspace/install/px4_offboard/lib/px4_offboard
[1.170s] writing list of installed files to '/home/ross/ros2_px4_workspace/build/px4_offboard/install.log'
[1.189s] Invoked command in '/home/ross/ros2_px4_workspace/src/ROS2_PX4_Offboard_Example/px4_offboard' returned '0': AMENT_PREFIX_PATH=/home/ross/ros2_px4_workspace/install/px4_msgs:${AMENT_PREFIX_PATH} CMAKE_PREFIX_PATH=/home/ross/ros2_px4_workspace/install/px4_msgs LD_LIBRARY_PATH=/home/ross/ros2_px4_workspace/install/px4_msgs/lib:${LD_LIBRARY_PATH} PYTHONPATH=/home/ross/ros2_px4_workspace/build/px4_offboard/prefix_override:/home/ross/ros2_px4_workspace/install/px4_offboard/lib/python3.10/site-packages:/home/ross/ros2_px4_workspace/install/px4_msgs/local/lib/python3.10/dist-packages:${PYTHONPATH} /usr/bin/python3 setup.py egg_info --egg-base ../../../build/px4_offboard build --build-base /home/ross/ros2_px4_workspace/build/px4_offboard/build install --record /home/ross/ros2_px4_workspace/build/px4_offboard/install.log --single-version-externally-managed
