[0.951s] DEBUG:colcon:Command line arguments: ['/usr/bin/colcon', 'build']
[0.951s] DEBUG:colcon:Parsed command line arguments: Namespace(log_base=None, log_level=None, verb_name='build', build_base='build', install_base='install', merge_install=False, symlink_install=False, test_result_base=None, continue_on_error=False, executor='parallel', parallel_workers=12, event_handlers=None, ignore_user_meta=False, metas=['./colcon.meta'], base_paths=['.'], packages_ignore=None, packages_ignore_regex=None, paths=None, packages_up_to=None, packages_up_to_regex=None, packages_above=None, packages_above_and_dependencies=None, packages_above_depth=None, packages_select_by_dep=None, packages_skip_by_dep=None, packages_skip_up_to=None, packages_select_build_failed=False, packages_skip_build_finished=False, packages_select_test_failures=False, packages_skip_test_passed=False, packages_select=None, packages_skip=None, packages_select_regex=None, packages_skip_regex=None, packages_start=None, packages_end=None, allow_overriding=[], cmake_args=None, cmake_target=None, cmake_target_skip_unavailable=False, cmake_clean_cache=False, cmake_clean_first=False, cmake_force_configure=False, ament_cmake_args=None, catkin_cmake_args=None, catkin_skip_building_tests=False, verb_parser=<colcon_defaults.argument_parser.defaults.DefaultArgumentsDecorator object at 0x7f32ef5c5360>, verb_extension=<colcon_core.verb.build.BuildVerb object at 0x7f32ef5c4e20>, main=<bound method BuildVerb.main of <colcon_core.verb.build.BuildVerb object at 0x7f32ef5c4e20>>)
[1.003s] Level 1:colcon.colcon_core.package_discovery:discover_packages(colcon_meta) check parameters
[1.004s] Level 1:colcon.colcon_core.package_discovery:discover_packages(recursive) check parameters
[1.004s] Level 1:colcon.colcon_core.package_discovery:discover_packages(ignore) check parameters
[1.004s] Level 1:colcon.colcon_core.package_discovery:discover_packages(path) check parameters
[1.004s] Level 1:colcon.colcon_core.package_discovery:discover_packages(colcon_meta) discover
[1.004s] Level 1:colcon.colcon_core.package_discovery:discover_packages(recursive) discover
[1.004s] INFO:colcon.colcon_core.package_discovery:Crawling recursively for packages in '/home/ross/ros2_px4_workspace'
[1.004s] Level 1:colcon.colcon_core.package_identification:_identify(.) by extensions ['ignore', 'ignore_ament_install']
[1.004s] Level 1:colcon.colcon_core.package_identification:_identify(.) by extension 'ignore'
[1.004s] Level 1:colcon.colcon_core.package_identification:_identify(.) by extension 'ignore_ament_install'
[1.004s] Level 1:colcon.colcon_core.package_identification:_identify(.) by extensions ['colcon_pkg']
[1.004s] Level 1:colcon.colcon_core.package_identification:_identify(.) by extension 'colcon_pkg'
[1.004s] Level 1:colcon.colcon_core.package_identification:_identify(.) by extensions ['colcon_meta']
[1.004s] Level 1:colcon.colcon_core.package_identification:_identify(.) by extension 'colcon_meta'
[1.004s] Level 1:colcon.colcon_core.package_identification:_identify(.) by extensions ['ros']
[1.004s] Level 1:colcon.colcon_core.package_identification:_identify(.) by extension 'ros'
[1.017s] Level 1:colcon.colcon_core.package_identification:_identify(.) by extensions ['cmake', 'python']
[1.017s] Level 1:colcon.colcon_core.package_identification:_identify(.) by extension 'cmake'
[1.017s] Level 1:colcon.colcon_core.package_identification:_identify(.) by extension 'python'
[1.017s] Level 1:colcon.colcon_core.package_identification:_identify(.) by extensions ['python_setup_py']
[1.017s] Level 1:colcon.colcon_core.package_identification:_identify(.) by extension 'python_setup_py'
[1.017s] Level 1:colcon.colcon_core.package_identification:_identify(build) by extensions ['ignore', 'ignore_ament_install']
[1.017s] Level 1:colcon.colcon_core.package_identification:_identify(build) by extension 'ignore'
[1.017s] Level 1:colcon.colcon_core.package_identification:_identify(build) ignored
[1.017s] Level 1:colcon.colcon_core.package_identification:_identify(install) by extensions ['ignore', 'ignore_ament_install']
[1.017s] Level 1:colcon.colcon_core.package_identification:_identify(install) by extension 'ignore'
[1.017s] Level 1:colcon.colcon_core.package_identification:_identify(install) ignored
[1.017s] Level 1:colcon.colcon_core.package_identification:_identify(log) by extensions ['ignore', 'ignore_ament_install']
[1.017s] Level 1:colcon.colcon_core.package_identification:_identify(log) by extension 'ignore'
[1.018s] Level 1:colcon.colcon_core.package_identification:_identify(log) ignored
[1.018s] Level 1:colcon.colcon_core.package_identification:_identify(src) by extensions ['ignore', 'ignore_ament_install']
[1.018s] Level 1:colcon.colcon_core.package_identification:_identify(src) by extension 'ignore'
[1.018s] Level 1:colcon.colcon_core.package_identification:_identify(src) by extension 'ignore_ament_install'
[1.018s] Level 1:colcon.colcon_core.package_identification:_identify(src) by extensions ['colcon_pkg']
[1.018s] Level 1:colcon.colcon_core.package_identification:_identify(src) by extension 'colcon_pkg'
[1.018s] Level 1:colcon.colcon_core.package_identification:_identify(src) by extensions ['colcon_meta']
[1.018s] Level 1:colcon.colcon_core.package_identification:_identify(src) by extension 'colcon_meta'
[1.018s] Level 1:colcon.colcon_core.package_identification:_identify(src) by extensions ['ros']
[1.018s] Level 1:colcon.colcon_core.package_identification:_identify(src) by extension 'ros'
[1.018s] Level 1:colcon.colcon_core.package_identification:_identify(src) by extensions ['cmake', 'python']
[1.018s] Level 1:colcon.colcon_core.package_identification:_identify(src) by extension 'cmake'
[1.018s] Level 1:colcon.colcon_core.package_identification:_identify(src) by extension 'python'
[1.018s] Level 1:colcon.colcon_core.package_identification:_identify(src) by extensions ['python_setup_py']
[1.018s] Level 1:colcon.colcon_core.package_identification:_identify(src) by extension 'python_setup_py'
[1.018s] Level 1:colcon.colcon_core.package_identification:_identify(src/ROS2_PX4_Offboard_Example) by extensions ['ignore', 'ignore_ament_install']
[1.018s] Level 1:colcon.colcon_core.package_identification:_identify(src/ROS2_PX4_Offboard_Example) by extension 'ignore'
[1.018s] Level 1:colcon.colcon_core.package_identification:_identify(src/ROS2_PX4_Offboard_Example) by extension 'ignore_ament_install'
[1.018s] Level 1:colcon.colcon_core.package_identification:_identify(src/ROS2_PX4_Offboard_Example) by extensions ['colcon_pkg']
[1.018s] Level 1:colcon.colcon_core.package_identification:_identify(src/ROS2_PX4_Offboard_Example) by extension 'colcon_pkg'
[1.018s] Level 1:colcon.colcon_core.package_identification:_identify(src/ROS2_PX4_Offboard_Example) by extensions ['colcon_meta']
[1.018s] Level 1:colcon.colcon_core.package_identification:_identify(src/ROS2_PX4_Offboard_Example) by extension 'colcon_meta'
[1.019s] Level 1:colcon.colcon_core.package_identification:_identify(src/ROS2_PX4_Offboard_Example) by extensions ['ros']
[1.019s] Level 1:colcon.colcon_core.package_identification:_identify(src/ROS2_PX4_Offboard_Example) by extension 'ros'
[1.019s] Level 1:colcon.colcon_core.package_identification:_identify(src/ROS2_PX4_Offboard_Example) by extensions ['cmake', 'python']
[1.019s] Level 1:colcon.colcon_core.package_identification:_identify(src/ROS2_PX4_Offboard_Example) by extension 'cmake'
[1.019s] Level 1:colcon.colcon_core.package_identification:_identify(src/ROS2_PX4_Offboard_Example) by extension 'python'
[1.019s] Level 1:colcon.colcon_core.package_identification:_identify(src/ROS2_PX4_Offboard_Example) by extensions ['python_setup_py']
[1.019s] Level 1:colcon.colcon_core.package_identification:_identify(src/ROS2_PX4_Offboard_Example) by extension 'python_setup_py'
[1.019s] Level 1:colcon.colcon_core.package_identification:_identify(src/ROS2_PX4_Offboard_Example/px4_offboard) by extensions ['ignore', 'ignore_ament_install']
[1.019s] Level 1:colcon.colcon_core.package_identification:_identify(src/ROS2_PX4_Offboard_Example/px4_offboard) by extension 'ignore'
[1.019s] Level 1:colcon.colcon_core.package_identification:_identify(src/ROS2_PX4_Offboard_Example/px4_offboard) by extension 'ignore_ament_install'
[1.019s] Level 1:colcon.colcon_core.package_identification:_identify(src/ROS2_PX4_Offboard_Example/px4_offboard) by extensions ['colcon_pkg']
[1.019s] Level 1:colcon.colcon_core.package_identification:_identify(src/ROS2_PX4_Offboard_Example/px4_offboard) by extension 'colcon_pkg'
[1.019s] Level 1:colcon.colcon_core.package_identification:_identify(src/ROS2_PX4_Offboard_Example/px4_offboard) by extensions ['colcon_meta']
[1.019s] Level 1:colcon.colcon_core.package_identification:_identify(src/ROS2_PX4_Offboard_Example/px4_offboard) by extension 'colcon_meta'
[1.019s] Level 1:colcon.colcon_core.package_identification:_identify(src/ROS2_PX4_Offboard_Example/px4_offboard) by extensions ['ros']
[1.019s] Level 1:colcon.colcon_core.package_identification:_identify(src/ROS2_PX4_Offboard_Example/px4_offboard) by extension 'ros'
[1.021s] DEBUG:colcon.colcon_core.package_identification:Package 'src/ROS2_PX4_Offboard_Example/px4_offboard' with type 'ros.ament_python' and name 'px4_offboard'
[1.021s] Level 1:colcon.colcon_core.package_identification:_identify(src/px4_msgs) by extensions ['ignore', 'ignore_ament_install']
[1.021s] Level 1:colcon.colcon_core.package_identification:_identify(src/px4_msgs) by extension 'ignore'
[1.021s] Level 1:colcon.colcon_core.package_identification:_identify(src/px4_msgs) by extension 'ignore_ament_install'
[1.021s] Level 1:colcon.colcon_core.package_identification:_identify(src/px4_msgs) by extensions ['colcon_pkg']
[1.021s] Level 1:colcon.colcon_core.package_identification:_identify(src/px4_msgs) by extension 'colcon_pkg'
[1.022s] Level 1:colcon.colcon_core.package_identification:_identify(src/px4_msgs) by extensions ['colcon_meta']
[1.022s] Level 1:colcon.colcon_core.package_identification:_identify(src/px4_msgs) by extension 'colcon_meta'
[1.022s] Level 1:colcon.colcon_core.package_identification:_identify(src/px4_msgs) by extensions ['ros']
[1.022s] Level 1:colcon.colcon_core.package_identification:_identify(src/px4_msgs) by extension 'ros'
[1.022s] DEBUG:colcon.colcon_core.package_identification:Package 'src/px4_msgs' with type 'ros.ament_cmake' and name 'px4_msgs'
[1.022s] Level 1:colcon.colcon_core.package_discovery:discover_packages(recursive) using defaults
[1.022s] Level 1:colcon.colcon_core.package_discovery:discover_packages(ignore) discover
[1.022s] Level 1:colcon.colcon_core.package_discovery:discover_packages(ignore) using defaults
[1.022s] Level 1:colcon.colcon_core.package_discovery:discover_packages(path) discover
[1.022s] Level 1:colcon.colcon_core.package_discovery:discover_packages(path) using defaults
[1.110s] Level 1:colcon.colcon_core.package_discovery:discover_packages(prefix_path) check parameters
[1.110s] Level 1:colcon.colcon_core.package_discovery:discover_packages(prefix_path) discover
[1.140s] DEBUG:colcon.colcon_installed_package_information.package_discovery:Found 355 installed packages in /opt/ros/humble
[1.142s] Level 1:colcon.colcon_core.package_discovery:discover_packages(prefix_path) using defaults
[1.222s] Level 5:colcon.colcon_core.verb:set package 'px4_msgs' build argument 'cmake_args' from command line to 'None'
[1.222s] Level 5:colcon.colcon_core.verb:set package 'px4_msgs' build argument 'cmake_target' from command line to 'None'
[1.222s] Level 5:colcon.colcon_core.verb:set package 'px4_msgs' build argument 'cmake_target_skip_unavailable' from command line to 'False'
[1.222s] Level 5:colcon.colcon_core.verb:set package 'px4_msgs' build argument 'cmake_clean_cache' from command line to 'False'
[1.222s] Level 5:colcon.colcon_core.verb:set package 'px4_msgs' build argument 'cmake_clean_first' from command line to 'False'
[1.222s] Level 5:colcon.colcon_core.verb:set package 'px4_msgs' build argument 'cmake_force_configure' from command line to 'False'
[1.222s] Level 5:colcon.colcon_core.verb:set package 'px4_msgs' build argument 'ament_cmake_args' from command line to 'None'
[1.222s] Level 5:colcon.colcon_core.verb:set package 'px4_msgs' build argument 'catkin_cmake_args' from command line to 'None'
[1.222s] Level 5:colcon.colcon_core.verb:set package 'px4_msgs' build argument 'catkin_skip_building_tests' from command line to 'False'
[1.222s] DEBUG:colcon.colcon_core.verb:Building package 'px4_msgs' with the following arguments: {'ament_cmake_args': None, 'build_base': '/home/ross/ros2_px4_workspace/build/px4_msgs', 'catkin_cmake_args': None, 'catkin_skip_building_tests': False, 'cmake_args': None, 'cmake_clean_cache': False, 'cmake_clean_first': False, 'cmake_force_configure': False, 'cmake_target': None, 'cmake_target_skip_unavailable': False, 'install_base': '/home/ross/ros2_px4_workspace/install/px4_msgs', 'merge_install': False, 'path': '/home/ross/ros2_px4_workspace/src/px4_msgs', 'symlink_install': False, 'test_result_base': None}
[1.237s] Level 5:colcon.colcon_core.verb:set package 'px4_offboard' build argument 'cmake_args' from command line to 'None'
[1.237s] Level 5:colcon.colcon_core.verb:set package 'px4_offboard' build argument 'cmake_target' from command line to 'None'
[1.237s] Level 5:colcon.colcon_core.verb:set package 'px4_offboard' build argument 'cmake_target_skip_unavailable' from command line to 'False'
[1.237s] Level 5:colcon.colcon_core.verb:set package 'px4_offboard' build argument 'cmake_clean_cache' from command line to 'False'
[1.237s] Level 5:colcon.colcon_core.verb:set package 'px4_offboard' build argument 'cmake_clean_first' from command line to 'False'
[1.237s] Level 5:colcon.colcon_core.verb:set package 'px4_offboard' build argument 'cmake_force_configure' from command line to 'False'
[1.237s] Level 5:colcon.colcon_core.verb:set package 'px4_offboard' build argument 'ament_cmake_args' from command line to 'None'
[1.237s] Level 5:colcon.colcon_core.verb:set package 'px4_offboard' build argument 'catkin_cmake_args' from command line to 'None'
[1.237s] Level 5:colcon.colcon_core.verb:set package 'px4_offboard' build argument 'catkin_skip_building_tests' from command line to 'False'
[1.237s] DEBUG:colcon.colcon_core.verb:Building package 'px4_offboard' with the following arguments: {'ament_cmake_args': None, 'build_base': '/home/ross/ros2_px4_workspace/build/px4_offboard', 'catkin_cmake_args': None, 'catkin_skip_building_tests': False, 'cmake_args': None, 'cmake_clean_cache': False, 'cmake_clean_first': False, 'cmake_force_configure': False, 'cmake_target': None, 'cmake_target_skip_unavailable': False, 'install_base': '/home/ross/ros2_px4_workspace/install/px4_offboard', 'merge_install': False, 'path': '/home/ross/ros2_px4_workspace/src/ROS2_PX4_Offboard_Example/px4_offboard', 'symlink_install': False, 'test_result_base': None}
[1.251s] INFO:colcon.colcon_core.executor:Executing jobs using 'parallel' executor
[1.266s] DEBUG:colcon.colcon_parallel_executor.executor.parallel:run_until_complete
[1.266s] INFO:colcon.colcon_ros.task.ament_cmake.build:Building ROS package in '/home/ross/ros2_px4_workspace/src/px4_msgs' with build type 'ament_cmake'
[1.266s] INFO:colcon.colcon_cmake.task.cmake.build:Building CMake package in '/home/ross/ros2_px4_workspace/src/px4_msgs'
[1.282s] INFO:colcon.colcon_core.plugin_system:Skipping extension 'colcon_core.shell.bat': Not used on non-Windows systems
[1.282s] INFO:colcon.colcon_core.shell:Skip shell extension 'powershell' for command environment: Not usable outside of PowerShell
[1.282s] DEBUG:colcon.colcon_core.shell:Skip shell extension 'dsv' for command environment
[1.324s] DEBUG:colcon.colcon_core.event_handler.log_command:Invoking command in '/home/ross/ros2_px4_workspace/build/px4_msgs': CMAKE_PREFIX_PATH=/opt/ros/humble /usr/bin/cmake /home/ross/ros2_px4_workspace/src/px4_msgs -DCMAKE_INSTALL_PREFIX=/home/ross/ros2_px4_workspace/install/px4_msgs
[4.536s] DEBUG:colcon.colcon_core.event_handler.log_command:Invoked command in '/home/ross/ros2_px4_workspace/build/px4_msgs' returned '0': CMAKE_PREFIX_PATH=/opt/ros/humble /usr/bin/cmake /home/ross/ros2_px4_workspace/src/px4_msgs -DCMAKE_INSTALL_PREFIX=/home/ross/ros2_px4_workspace/install/px4_msgs
[4.538s] DEBUG:colcon.colcon_core.event_handler.log_command:Invoking command in '/home/ross/ros2_px4_workspace/build/px4_msgs': CMAKE_PREFIX_PATH=/opt/ros/humble /usr/bin/cmake --build /home/ross/ros2_px4_workspace/build/px4_msgs -- -j12 -l12
[212.630s] DEBUG:colcon.colcon_core.event_handler.log_command:Invoked command in '/home/ross/ros2_px4_workspace/build/px4_msgs' returned '0': CMAKE_PREFIX_PATH=/opt/ros/humble /usr/bin/cmake --build /home/ross/ros2_px4_workspace/build/px4_msgs -- -j12 -l12
[215.535s] DEBUG:colcon.colcon_core.event_handler.log_command:Invoking command in '/home/ross/ros2_px4_workspace/build/px4_msgs': CMAKE_PREFIX_PATH=/opt/ros/humble /usr/bin/cmake --install /home/ross/ros2_px4_workspace/build/px4_msgs
[216.329s] Level 1:colcon.colcon_core.environment:create_environment_scripts_only(px4_msgs)
[216.329s] DEBUG:colcon.colcon_core.event_handler.log_command:Invoked command in '/home/ross/ros2_px4_workspace/build/px4_msgs' returned '0': CMAKE_PREFIX_PATH=/opt/ros/humble /usr/bin/cmake --install /home/ross/ros2_px4_workspace/build/px4_msgs
[216.345s] Level 1:colcon.colcon_core.environment:checking '/home/ross/ros2_px4_workspace/install/px4_msgs' for CMake module files
[216.345s] Level 1:colcon.colcon_core.environment:checking '/home/ross/ros2_px4_workspace/install/px4_msgs' for CMake config files
[216.345s] Level 1:colcon.colcon_core.shell:create_environment_hook('px4_msgs', 'cmake_prefix_path')
[216.359s] INFO:colcon.colcon_core.shell:Creating environment hook '/home/ross/ros2_px4_workspace/install/px4_msgs/share/px4_msgs/hook/cmake_prefix_path.ps1'
[216.360s] INFO:colcon.colcon_core.shell:Creating environment descriptor '/home/ross/ros2_px4_workspace/install/px4_msgs/share/px4_msgs/hook/cmake_prefix_path.dsv'
[216.360s] INFO:colcon.colcon_core.shell:Creating environment hook '/home/ross/ros2_px4_workspace/install/px4_msgs/share/px4_msgs/hook/cmake_prefix_path.sh'
[216.361s] Level 1:colcon.colcon_core.environment:checking '/home/ross/ros2_px4_workspace/install/px4_msgs/lib'
[216.361s] Level 1:colcon.colcon_core.shell:create_environment_hook('px4_msgs', 'ld_library_path_lib')
[216.376s] INFO:colcon.colcon_core.shell:Creating environment hook '/home/ross/ros2_px4_workspace/install/px4_msgs/share/px4_msgs/hook/ld_library_path_lib.ps1'
[216.376s] INFO:colcon.colcon_core.shell:Creating environment descriptor '/home/ross/ros2_px4_workspace/install/px4_msgs/share/px4_msgs/hook/ld_library_path_lib.dsv'
[216.376s] INFO:colcon.colcon_core.shell:Creating environment hook '/home/ross/ros2_px4_workspace/install/px4_msgs/share/px4_msgs/hook/ld_library_path_lib.sh'
[216.376s] Level 1:colcon.colcon_core.environment:checking '/home/ross/ros2_px4_workspace/install/px4_msgs/bin'
[216.376s] Level 1:colcon.colcon_core.environment:checking '/home/ross/ros2_px4_workspace/install/px4_msgs/lib/pkgconfig/px4_msgs.pc'
[216.377s] Level 1:colcon.colcon_core.environment:checking '/home/ross/ros2_px4_workspace/install/px4_msgs/lib/python3.10/site-packages'
[216.377s] Level 1:colcon.colcon_core.environment:checking '/home/ross/ros2_px4_workspace/install/px4_msgs/bin'
[216.391s] INFO:colcon.colcon_core.shell:Creating package script '/home/ross/ros2_px4_workspace/install/px4_msgs/share/px4_msgs/package.ps1'
[216.391s] INFO:colcon.colcon_core.shell:Creating package descriptor '/home/ross/ros2_px4_workspace/install/px4_msgs/share/px4_msgs/package.dsv'
[216.392s] INFO:colcon.colcon_core.shell:Creating package script '/home/ross/ros2_px4_workspace/install/px4_msgs/share/px4_msgs/package.sh'
[216.393s] INFO:colcon.colcon_core.shell:Creating package script '/home/ross/ros2_px4_workspace/install/px4_msgs/share/px4_msgs/package.bash'
[216.394s] INFO:colcon.colcon_core.shell:Creating package script '/home/ross/ros2_px4_workspace/install/px4_msgs/share/px4_msgs/package.zsh'
[216.394s] Level 1:colcon.colcon_core.environment:create_file_with_runtime_dependencies(/home/ross/ros2_px4_workspace/install/px4_msgs/share/colcon-core/packages/px4_msgs)
[219.310s] Level 1:colcon.colcon_core.environment:create_environment_scripts_only(px4_msgs)
[219.324s] Level 1:colcon.colcon_core.environment:checking '/home/ross/ros2_px4_workspace/install/px4_msgs' for CMake module files
[219.325s] Level 1:colcon.colcon_core.environment:checking '/home/ross/ros2_px4_workspace/install/px4_msgs' for CMake config files
[219.325s] Level 1:colcon.colcon_core.shell:create_environment_hook('px4_msgs', 'cmake_prefix_path')
[219.339s] INFO:colcon.colcon_core.shell:Creating environment hook '/home/ross/ros2_px4_workspace/install/px4_msgs/share/px4_msgs/hook/cmake_prefix_path.ps1'
[219.339s] INFO:colcon.colcon_core.shell:Creating environment descriptor '/home/ross/ros2_px4_workspace/install/px4_msgs/share/px4_msgs/hook/cmake_prefix_path.dsv'
[219.339s] INFO:colcon.colcon_core.shell:Creating environment hook '/home/ross/ros2_px4_workspace/install/px4_msgs/share/px4_msgs/hook/cmake_prefix_path.sh'
[219.340s] Level 1:colcon.colcon_core.environment:checking '/home/ross/ros2_px4_workspace/install/px4_msgs/lib'
[219.340s] Level 1:colcon.colcon_core.shell:create_environment_hook('px4_msgs', 'ld_library_path_lib')
[219.353s] INFO:colcon.colcon_core.shell:Creating environment hook '/home/ross/ros2_px4_workspace/install/px4_msgs/share/px4_msgs/hook/ld_library_path_lib.ps1'
[219.354s] INFO:colcon.colcon_core.shell:Creating environment descriptor '/home/ross/ros2_px4_workspace/install/px4_msgs/share/px4_msgs/hook/ld_library_path_lib.dsv'
[219.354s] INFO:colcon.colcon_core.shell:Creating environment hook '/home/ross/ros2_px4_workspace/install/px4_msgs/share/px4_msgs/hook/ld_library_path_lib.sh'
[219.354s] Level 1:colcon.colcon_core.environment:checking '/home/ross/ros2_px4_workspace/install/px4_msgs/bin'
[219.354s] Level 1:colcon.colcon_core.environment:checking '/home/ross/ros2_px4_workspace/install/px4_msgs/lib/pkgconfig/px4_msgs.pc'
[219.354s] Level 1:colcon.colcon_core.environment:checking '/home/ross/ros2_px4_workspace/install/px4_msgs/lib/python3.10/site-packages'
[219.355s] Level 1:colcon.colcon_core.environment:checking '/home/ross/ros2_px4_workspace/install/px4_msgs/bin'
[219.369s] INFO:colcon.colcon_core.shell:Creating package script '/home/ross/ros2_px4_workspace/install/px4_msgs/share/px4_msgs/package.ps1'
[219.369s] INFO:colcon.colcon_core.shell:Creating package descriptor '/home/ross/ros2_px4_workspace/install/px4_msgs/share/px4_msgs/package.dsv'
[219.369s] INFO:colcon.colcon_core.shell:Creating package script '/home/ross/ros2_px4_workspace/install/px4_msgs/share/px4_msgs/package.sh'
[219.370s] INFO:colcon.colcon_core.shell:Creating package script '/home/ross/ros2_px4_workspace/install/px4_msgs/share/px4_msgs/package.bash'
[219.370s] INFO:colcon.colcon_core.shell:Creating package script '/home/ross/ros2_px4_workspace/install/px4_msgs/share/px4_msgs/package.zsh'
[219.370s] Level 1:colcon.colcon_core.environment:create_file_with_runtime_dependencies(/home/ross/ros2_px4_workspace/install/px4_msgs/share/colcon-core/packages/px4_msgs)
[219.370s] INFO:colcon.colcon_ros.task.ament_python.build:Building ROS package in '/home/ross/ros2_px4_workspace/src/ROS2_PX4_Offboard_Example/px4_offboard' with build type 'ament_python'
[219.371s] Level 1:colcon.colcon_core.shell:create_environment_hook('px4_offboard', 'ament_prefix_path')
[219.385s] INFO:colcon.colcon_core.shell:Creating environment hook '/home/ross/ros2_px4_workspace/install/px4_offboard/share/px4_offboard/hook/ament_prefix_path.ps1'
[219.385s] INFO:colcon.colcon_core.shell:Creating environment descriptor '/home/ross/ros2_px4_workspace/install/px4_offboard/share/px4_offboard/hook/ament_prefix_path.dsv'
[219.385s] INFO:colcon.colcon_core.shell:Creating environment hook '/home/ross/ros2_px4_workspace/install/px4_offboard/share/px4_offboard/hook/ament_prefix_path.sh'
[219.400s] INFO:colcon.colcon_core.shell:Skip shell extension 'powershell' for command environment: Not usable outside of PowerShell
[219.400s] DEBUG:colcon.colcon_core.shell:Skip shell extension 'dsv' for command environment
[219.606s] INFO:colcon.colcon_core.task.python.build:Building Python package in '/home/ross/ros2_px4_workspace/src/ROS2_PX4_Offboard_Example/px4_offboard'
[219.620s] INFO:colcon.colcon_core.shell:Skip shell extension 'powershell' for command environment: Not usable outside of PowerShell
[219.620s] DEBUG:colcon.colcon_core.shell:Skip shell extension 'dsv' for command environment
[220.119s] DEBUG:colcon.colcon_core.event_handler.log_command:Invoking command in '/home/ross/ros2_px4_workspace/src/ROS2_PX4_Offboard_Example/px4_offboard': AMENT_PREFIX_PATH=/home/ross/ros2_px4_workspace/install/px4_msgs:${AMENT_PREFIX_PATH} CMAKE_PREFIX_PATH=/home/ross/ros2_px4_workspace/install/px4_msgs LD_LIBRARY_PATH=/home/ross/ros2_px4_workspace/install/px4_msgs/lib:${LD_LIBRARY_PATH} PYTHONPATH=/home/ross/ros2_px4_workspace/build/px4_offboard/prefix_override:/home/ross/ros2_px4_workspace/install/px4_offboard/lib/python3.10/site-packages:/home/ross/ros2_px4_workspace/install/px4_msgs/local/lib/python3.10/dist-packages:${PYTHONPATH} /usr/bin/python3 setup.py egg_info --egg-base ../../../build/px4_offboard build --build-base /home/ross/ros2_px4_workspace/build/px4_offboard/build install --record /home/ross/ros2_px4_workspace/build/px4_offboard/install.log --single-version-externally-managed
[220.560s] DEBUG:colcon.colcon_core.event_handler.log_command:Invoked command in '/home/ross/ros2_px4_workspace/src/ROS2_PX4_Offboard_Example/px4_offboard' returned '0': AMENT_PREFIX_PATH=/home/ross/ros2_px4_workspace/install/px4_msgs:${AMENT_PREFIX_PATH} CMAKE_PREFIX_PATH=/home/ross/ros2_px4_workspace/install/px4_msgs LD_LIBRARY_PATH=/home/ross/ros2_px4_workspace/install/px4_msgs/lib:${LD_LIBRARY_PATH} PYTHONPATH=/home/ross/ros2_px4_workspace/build/px4_offboard/prefix_override:/home/ross/ros2_px4_workspace/install/px4_offboard/lib/python3.10/site-packages:/home/ross/ros2_px4_workspace/install/px4_msgs/local/lib/python3.10/dist-packages:${PYTHONPATH} /usr/bin/python3 setup.py egg_info --egg-base ../../../build/px4_offboard build --build-base /home/ross/ros2_px4_workspace/build/px4_offboard/build install --record /home/ross/ros2_px4_workspace/build/px4_offboard/install.log --single-version-externally-managed
[220.575s] Level 1:colcon.colcon_core.environment:checking '/home/ross/ros2_px4_workspace/install/px4_offboard' for CMake module files
[220.575s] Level 1:colcon.colcon_core.environment:checking '/home/ross/ros2_px4_workspace/install/px4_offboard' for CMake config files
[220.576s] Level 1:colcon.colcon_core.environment:checking '/home/ross/ros2_px4_workspace/install/px4_offboard/lib'
[220.576s] Level 1:colcon.colcon_core.environment:checking '/home/ross/ros2_px4_workspace/install/px4_offboard/bin'
[220.576s] Level 1:colcon.colcon_core.environment:checking '/home/ross/ros2_px4_workspace/install/px4_offboard/lib/pkgconfig/px4_offboard.pc'
[220.576s] Level 1:colcon.colcon_core.environment:checking '/home/ross/ros2_px4_workspace/install/px4_offboard/lib/python3.10/site-packages'
[220.576s] Level 1:colcon.colcon_core.shell:create_environment_hook('px4_offboard', 'pythonpath')
[220.590s] INFO:colcon.colcon_core.shell:Creating environment hook '/home/ross/ros2_px4_workspace/install/px4_offboard/share/px4_offboard/hook/pythonpath.ps1'
[220.590s] INFO:colcon.colcon_core.shell:Creating environment descriptor '/home/ross/ros2_px4_workspace/install/px4_offboard/share/px4_offboard/hook/pythonpath.dsv'
[220.591s] INFO:colcon.colcon_core.shell:Creating environment hook '/home/ross/ros2_px4_workspace/install/px4_offboard/share/px4_offboard/hook/pythonpath.sh'
[220.591s] Level 1:colcon.colcon_core.environment:checking '/home/ross/ros2_px4_workspace/install/px4_offboard/bin'
[220.591s] Level 1:colcon.colcon_core.environment:create_environment_scripts_only(px4_offboard)
[220.606s] INFO:colcon.colcon_core.shell:Creating package script '/home/ross/ros2_px4_workspace/install/px4_offboard/share/px4_offboard/package.ps1'
[220.606s] INFO:colcon.colcon_core.shell:Creating package descriptor '/home/ross/ros2_px4_workspace/install/px4_offboard/share/px4_offboard/package.dsv'
[220.606s] INFO:colcon.colcon_core.shell:Creating package script '/home/ross/ros2_px4_workspace/install/px4_offboard/share/px4_offboard/package.sh'
[220.607s] INFO:colcon.colcon_core.shell:Creating package script '/home/ross/ros2_px4_workspace/install/px4_offboard/share/px4_offboard/package.bash'
[220.607s] INFO:colcon.colcon_core.shell:Creating package script '/home/ross/ros2_px4_workspace/install/px4_offboard/share/px4_offboard/package.zsh'
[220.607s] Level 1:colcon.colcon_core.environment:create_file_with_runtime_dependencies(/home/ross/ros2_px4_workspace/install/px4_offboard/share/colcon-core/packages/px4_offboard)
[220.607s] DEBUG:colcon.colcon_parallel_executor.executor.parallel:closing loop
[220.607s] DEBUG:colcon.colcon_parallel_executor.executor.parallel:loop closed
[220.608s] DEBUG:colcon.colcon_parallel_executor.executor.parallel:run_until_complete finished with '0'
[220.608s] DEBUG:colcon.colcon_core.event_reactor:joining thread
[220.626s] INFO:colcon.colcon_core.plugin_system:Skipping extension 'colcon_notification.desktop_notification.terminal_notifier': Not used on non-Darwin systems
[220.626s] INFO:colcon.colcon_core.plugin_system:Skipping extension 'colcon_notification.desktop_notification.win32': Not used on non-Windows systems
[220.626s] INFO:colcon.colcon_notification.desktop_notification:Sending desktop notification using 'notify2'
[220.636s] DEBUG:colcon.colcon_core.event_reactor:joined thread
[220.650s] INFO:colcon.colcon_core.shell:Creating prefix script '/home/ross/ros2_px4_workspace/install/local_setup.ps1'
[220.651s] INFO:colcon.colcon_core.shell:Creating prefix util module '/home/ross/ros2_px4_workspace/install/_local_setup_util_ps1.py'
[220.652s] INFO:colcon.colcon_core.shell:Creating prefix chain script '/home/ross/ros2_px4_workspace/install/setup.ps1'
[220.668s] INFO:colcon.colcon_core.shell:Creating prefix script '/home/ross/ros2_px4_workspace/install/local_setup.sh'
[220.668s] INFO:colcon.colcon_core.shell:Creating prefix util module '/home/ross/ros2_px4_workspace/install/_local_setup_util_sh.py'
[220.669s] INFO:colcon.colcon_core.shell:Creating prefix chain script '/home/ross/ros2_px4_workspace/install/setup.sh'
[220.684s] INFO:colcon.colcon_core.shell:Creating prefix script '/home/ross/ros2_px4_workspace/install/local_setup.bash'
[220.684s] INFO:colcon.colcon_core.shell:Creating prefix chain script '/home/ross/ros2_px4_workspace/install/setup.bash'
[220.700s] INFO:colcon.colcon_core.shell:Creating prefix script '/home/ross/ros2_px4_workspace/install/local_setup.zsh'
[220.700s] INFO:colcon.colcon_core.shell:Creating prefix chain script '/home/ross/ros2_px4_workspace/install/setup.zsh'
