[0.634s] Invoking command in '/home/ross/ros2_px4_workspace/src/ROS2_PX4_Offboard_Example/px4_offboard': PYTHONPATH=/home/ross/ros2_px4_workspace/build/px4_offboard/prefix_override:/home/ross/ros2_px4_workspace/install/px4_offboard/lib/python3.10/site-packages:${PYTHONPATH} /usr/bin/python3 -W ignore:setup.py install is deprecated setup.py egg_info --egg-base ../../../build/px4_offboard build --build-base /home/ross/ros2_px4_workspace/build/px4_offboard/build install --record /home/ross/ros2_px4_workspace/build/px4_offboard/install.log --single-version-externally-managed install_data
[0.848s] running egg_info
[0.862s] writing ../../../build/px4_offboard/px4_offboard.egg-info/PKG-INFO
[0.862s] writing dependency_links to ../../../build/px4_offboard/px4_offboard.egg-info/dependency_links.txt
[0.862s] writing entry points to ../../../build/px4_offboard/px4_offboard.egg-info/entry_points.txt
[0.862s] writing requirements to ../../../build/px4_offboard/px4_offboard.egg-info/requires.txt
[0.863s] writing top-level names to ../../../build/px4_offboard/px4_offboard.egg-info/top_level.txt
[0.892s] reading manifest file '../../../build/px4_offboard/px4_offboard.egg-info/SOURCES.txt'
[0.892s] adding license file 'LICENSE'
[0.893s] writing manifest file '../../../build/px4_offboard/px4_offboard.egg-info/SOURCES.txt'
[0.893s] running build
[0.893s] running build_py
[0.893s] copying px4_offboard/__init__.py -> /home/ross/ros2_px4_workspace/build/px4_offboard/build/lib/px4_offboard
[0.893s] copying px4_offboard/processes.py -> /home/ross/ros2_px4_workspace/build/px4_offboard/build/lib/px4_offboard
[0.893s] copying px4_offboard/velocity_control.py -> /home/ross/ros2_px4_workspace/build/px4_offboard/build/lib/px4_offboard
[0.893s] copying px4_offboard/runQGC.py -> /home/ross/ros2_px4_workspace/build/px4_offboard/build/lib/px4_offboard
[0.893s] copying px4_offboard/visualizer.py -> /home/ross/ros2_px4_workspace/build/px4_offboard/build/lib/px4_offboard
[0.894s] copying px4_offboard/control.py -> /home/ross/ros2_px4_workspace/build/px4_offboard/build/lib/px4_offboard
[0.894s] running install
[0.899s] running install_lib
[0.914s] copying /home/ross/ros2_px4_workspace/build/px4_offboard/build/lib/px4_offboard/processes.py -> /home/ross/ros2_px4_workspace/install/px4_offboard/lib/python3.10/site-packages/px4_offboard
[0.915s] byte-compiling /home/ross/ros2_px4_workspace/install/px4_offboard/lib/python3.10/site-packages/px4_offboard/processes.py to processes.cpython-310.pyc
[0.915s]   File "/home/ross/ros2_px4_workspace/install/px4_offboard/lib/python3.10/site-packages/px4_offboard/processes.py", line 15
[0.915s]     "cd && cd ~/PX4-Autopilot && PX4_GZ_WORLD=demo PX4_GZ_MODEL_POSE="0,0,0,0,0,0" make px4_sitl gz_x500",
[0.915s]     ^^^^^^^^^^^^^^^^^^^^^^^^^^^^^^^^^^^^^^^^^^^^^^^^^^^^^^^^^^^^^^^^^^^
[0.915s] SyntaxError: invalid syntax. Perhaps you forgot a comma?
[0.915s] 
[0.915s] running install_data
[0.915s] copying resource/px4_offboard -> /home/ross/ros2_px4_workspace/install/px4_offboard/share/ament_index/resource_index/packages
[0.915s] copying resource/visualize.rviz -> /home/ross/ros2_px4_workspace/install/px4_offboard/share/ament_index/resource_index/packages
[0.916s] copying package.xml -> /home/ross/ros2_px4_workspace/install/px4_offboard/share/px4_offboard
[0.916s] copying launch/offboard_velocity_control.launch.py -> /home/ross/ros2_px4_workspace/install/px4_offboard/share/px4_offboard
[0.916s] copying resource/visualize.rviz -> /home/ross/ros2_px4_workspace/install/px4_offboard/share/px4_offboard
[0.916s] running install_egg_info
[0.931s] removing '/home/ross/ros2_px4_workspace/install/px4_offboard/lib/python3.10/site-packages/px4_offboard-0.0.0-py3.10.egg-info' (and everything under it)
[0.932s] Copying ../../../build/px4_offboard/px4_offboard.egg-info to /home/ross/ros2_px4_workspace/install/px4_offboard/lib/python3.10/site-packages/px4_offboard-0.0.0-py3.10.egg-info
[0.932s] running install_scripts
[1.071s] Installing control script to /home/ross/ros2_px4_workspace/install/px4_offboard/lib/px4_offboard
[1.071s] Installing offboard_control script to /home/ross/ros2_px4_workspace/install/px4_offboard/lib/px4_offboard
[1.071s] Installing processes script to /home/ross/ros2_px4_workspace/install/px4_offboard/lib/px4_offboard
[1.071s] Installing velocity_control script to /home/ross/ros2_px4_workspace/install/px4_offboard/lib/px4_offboard
[1.071s] Installing visualizer script to /home/ross/ros2_px4_workspace/install/px4_offboard/lib/px4_offboard
[1.071s] writing list of installed files to '/home/ross/ros2_px4_workspace/build/px4_offboard/install.log'
[1.091s] Invoked command in '/home/ross/ros2_px4_workspace/src/ROS2_PX4_Offboard_Example/px4_offboard' returned '0': PYTHONPATH=/home/ross/ros2_px4_workspace/build/px4_offboard/prefix_override:/home/ross/ros2_px4_workspace/install/px4_offboard/lib/python3.10/site-packages:${PYTHONPATH} /usr/bin/python3 -W ignore:setup.py install is deprecated setup.py egg_info --egg-base ../../../build/px4_offboard build --build-base /home/ross/ros2_px4_workspace/build/px4_offboard/build install --record /home/ross/ros2_px4_workspace/build/px4_offboard/install.log --single-version-externally-managed install_data
