[0.701s] Invoking command in '/home/ross/ros2_px4_workspace/src/ROS2_PX4_Offboard_Example/px4_offboard': AMENT_PREFIX_PATH=/home/ross/ros2_px4_workspace/install/px4_msgs:${AMENT_PREFIX_PATH} CMAKE_PREFIX_PATH=/home/ross/ros2_px4_workspace/install/px4_msgs LD_LIBRARY_PATH=/home/ross/ros2_px4_workspace/install/px4_msgs/lib:${LD_LIBRARY_PATH} PYTHONPATH=/home/ross/ros2_px4_workspace/build/px4_offboard/prefix_override:/home/ross/ros2_px4_workspace/install/px4_offboard/lib/python3.10/site-packages:/home/ross/ros2_px4_workspace/install/px4_msgs/local/lib/python3.10/dist-packages:${PYTHONPATH} /usr/bin/python3 -W ignore:setup.py install is deprecated setup.py egg_info --egg-base ../../../build/px4_offboard build --build-base /home/ross/ros2_px4_workspace/build/px4_offboard/build install --record /home/ross/ros2_px4_workspace/build/px4_offboard/install.log --single-version-externally-managed install_data
[0.912s] running egg_info
[0.926s] writing ../../../build/px4_offboard/px4_offboard.egg-info/PKG-INFO
[0.926s] writing dependency_links to ../../../build/px4_offboard/px4_offboard.egg-info/dependency_links.txt
[0.926s] writing entry points to ../../../build/px4_offboard/px4_offboard.egg-info/entry_points.txt
[0.927s] writing requirements to ../../../build/px4_offboard/px4_offboard.egg-info/requires.txt
[0.927s] writing top-level names to ../../../build/px4_offboard/px4_offboard.egg-info/top_level.txt
[0.956s] reading manifest file '../../../build/px4_offboard/px4_offboard.egg-info/SOURCES.txt'
[0.957s] adding license file 'LICENSE'
[0.957s] writing manifest file '../../../build/px4_offboard/px4_offboard.egg-info/SOURCES.txt'
[0.957s] running build
[0.957s] running build_py
[0.958s] copying px4_offboard/__init__.py -> /home/ross/ros2_px4_workspace/build/px4_offboard/build/lib/px4_offboard
[0.958s] copying px4_offboard/processes.py -> /home/ross/ros2_px4_workspace/build/px4_offboard/build/lib/px4_offboard
[0.959s] copying px4_offboard/velocity_control.py -> /home/ross/ros2_px4_workspace/build/px4_offboard/build/lib/px4_offboard
[0.959s] copying px4_offboard/runQGC.py -> /home/ross/ros2_px4_workspace/build/px4_offboard/build/lib/px4_offboard
[0.959s] copying px4_offboard/visualizer.py -> /home/ross/ros2_px4_workspace/build/px4_offboard/build/lib/px4_offboard
[0.959s] copying px4_offboard/control.py -> /home/ross/ros2_px4_workspace/build/px4_offboard/build/lib/px4_offboard
[0.960s] running install
[0.965s] running install_lib
[0.980s] running install_data
[0.980s] copying resource/px4_offboard -> /home/ross/ros2_px4_workspace/install/px4_offboard/share/ament_index/resource_index/packages
[0.980s] copying resource/visualize.rviz -> /home/ross/ros2_px4_workspace/install/px4_offboard/share/ament_index/resource_index/packages
[0.980s] copying package.xml -> /home/ross/ros2_px4_workspace/install/px4_offboard/share/px4_offboard
[0.980s] copying launch/offboard_velocity_control.launch.py -> /home/ross/ros2_px4_workspace/install/px4_offboard/share/px4_offboard
[0.980s] copying resource/visualize.rviz -> /home/ross/ros2_px4_workspace/install/px4_offboard/share/px4_offboard
[0.981s] running install_egg_info
[0.996s] removing '/home/ross/ros2_px4_workspace/install/px4_offboard/lib/python3.10/site-packages/px4_offboard-0.0.0-py3.10.egg-info' (and everything under it)
[0.996s] Copying ../../../build/px4_offboard/px4_offboard.egg-info to /home/ross/ros2_px4_workspace/install/px4_offboard/lib/python3.10/site-packages/px4_offboard-0.0.0-py3.10.egg-info
[0.997s] running install_scripts
[1.133s] Installing control script to /home/ross/ros2_px4_workspace/install/px4_offboard/lib/px4_offboard
[1.133s] Installing offboard_control script to /home/ross/ros2_px4_workspace/install/px4_offboard/lib/px4_offboard
[1.133s] Installing processes script to /home/ross/ros2_px4_workspace/install/px4_offboard/lib/px4_offboard
[1.133s] Installing velocity_control script to /home/ross/ros2_px4_workspace/install/px4_offboard/lib/px4_offboard
[1.133s] Installing visualizer script to /home/ross/ros2_px4_workspace/install/px4_offboard/lib/px4_offboard
[1.134s] writing list of installed files to '/home/ross/ros2_px4_workspace/build/px4_offboard/install.log'
[1.153s] Invoked command in '/home/ross/ros2_px4_workspace/src/ROS2_PX4_Offboard_Example/px4_offboard' returned '0': AMENT_PREFIX_PATH=/home/ross/ros2_px4_workspace/install/px4_msgs:${AMENT_PREFIX_PATH} CMAKE_PREFIX_PATH=/home/ross/ros2_px4_workspace/install/px4_msgs LD_LIBRARY_PATH=/home/ross/ros2_px4_workspace/install/px4_msgs/lib:${LD_LIBRARY_PATH} PYTHONPATH=/home/ross/ros2_px4_workspace/build/px4_offboard/prefix_override:/home/ross/ros2_px4_workspace/install/px4_offboard/lib/python3.10/site-packages:/home/ross/ros2_px4_workspace/install/px4_msgs/local/lib/python3.10/dist-packages:${PYTHONPATH} /usr/bin/python3 -W ignore:setup.py install is deprecated setup.py egg_info --egg-base ../../../build/px4_offboard build --build-base /home/ross/ros2_px4_workspace/build/px4_offboard/build install --record /home/ross/ros2_px4_workspace/build/px4_offboard/install.log --single-version-externally-managed install_data
